{
  "numTotalTestSuites": 2,
  "numPassedTestSuites": 2,
  "numFailedTestSuites": 0,
  "numPendingTestSuites": 0,
  "numTotalTests": 2,
  "numPassedTests": 2,
  "numFailedTests": 0,
  "numPendingTests": 0,
  "numTodoTests": 0,
  "startTime": 1785740121614,
  "success": true,
  "testResults": [
    {
      "assertionResults": [
        {
          "ancestorTitles": [
            "",
            "EmployerInterviews"
          ],
          "fullName": " EmployerInterviews renders interviews and opens the scheduling modal",
          "status": "passed",
          "title": "renders interviews and opens the scheduling modal",
          "duration": 192,
          "failureMessages": []
        },
        {
          "ancestorTitles": [
            "",
            "EmployerInterviews"
          ],
          "fullName": " EmployerInterviews shows completed interview evaluation controls and opens the assessment modal",
          "status": "passed",
          "title": "shows completed interview evaluation controls and opens the assessment modal",
          "duration": 126,
          "failureMessages": []
        }
      ],
      "startTime": 1785740125026,
      "endTime": 1785740125344,
      "status": "passed",
      "message": "",
      "name": "C:/Users/student/Desktop/Information system/ethio-job-portal/ethio-job-portal/client/src/pages/dashboard/employer/EmployerInterviews.test.jsx"
    }
  ]
}