{
  "numTotalTestSuites": 2,
  "numPassedTestSuites": 2,
  "numFailedTestSuites": 0,
  "numPendingTestSuites": 0,
  "numTotalTests": 3,
  "numPassedTests": 3,
  "numFailedTests": 0,
  "numPendingTests": 0,
  "numTodoTests": 0,
  "startTime": 1785741247292,
  "success": true,
  "testResults": [
    {
      "assertionResults": [
        {
          "ancestorTitles": [
            "",
            "EmployerInterviews"
          ],
          "fullName": " EmployerInterviews renders interviews and opens the scheduling modal",
          "status": "passed",
          "title": "renders interviews and opens the scheduling modal",
          "duration": 144,
          "failureMessages": []
        },
        {
          "ancestorTitles": [
            "",
            "EmployerInterviews"
          ],
          "fullName": " EmployerInterviews shows completed interview evaluation controls and opens the assessment modal",
          "status": "passed",
          "title": "shows completed interview evaluation controls and opens the assessment modal",
          "duration": 123,
          "failureMessages": []
        },
        {
          "ancestorTitles": [
            "",
            "EmployerInterviews"
          ],
          "fullName": " EmployerInterviews launches the pre-interview workflow from a scheduled interview card",
          "status": "passed",
          "title": "launches the pre-interview workflow from a scheduled interview card",
          "duration": 114,
          "failureMessages": []
        }
      ],
      "startTime": 1785741250337,
      "endTime": 1785741250718,
      "status": "passed",
      "message": "",
      "name": "C:/Users/student/Desktop/Information system/ethio-job-portal/ethio-job-portal/client/src/pages/dashboard/employer/EmployerInterviews.test.jsx"
    }
  ]
}